2018-08-22 10:03:53.470  INFO 988 --- [main] c.i.s.chapter2.Chapter2Application       : Starting Chapter2Application v0.0.1-SNAPSHOT on X3AV9Z6G1L467A5 with PID 988 (D:\workspace-sts-3.9.3.RELEASE\chapter-2\target\chapter-2-0.0.1-SNAPSHOT.jar started by Administrator in D:\workspace-sts-3.9.3.RELEASE\chapter-2\target)
2018-08-22 10:03:53.484  INFO 988 --- [main] c.i.s.chapter2.Chapter2Application       : The following profiles are active: dev
2018-08-22 10:03:53.673  INFO 988 --- [main] ConfigServletWebServerApplicationContext : Refreshing org.springframework.boot.web.servlet.context.AnnotationConfigServletWebServerApplicationContext@2ac1fdc4: startup date [Wed Aug 22 10:03:53 CST 2018]; root of context hierarchy
2018-08-22 10:03:58.612  INFO 988 --- [main] o.s.b.w.embedded.tomcat.TomcatWebServer  : Tomcat initialized with port(s): 8888 (http)
2018-08-22 10:03:58.716  INFO 988 --- [main] o.apache.catalina.core.StandardService   : Starting service [Tomcat]
2018-08-22 10:03:58.717  INFO 988 --- [main] org.apache.catalina.core.StandardEngine  : Starting Servlet Engine: Apache Tomcat/8.5.32
2018-08-22 10:03:58.759  INFO 988 --- [localhost-startStop-1] o.a.catalina.core.AprLifecycleListener   : The APR based Apache Tomcat Native library which allows optimal performance in production environments was not found on the java.library.path: [C:\Program Files\Java\jre1.8.0_181\bin;C:\WINDOWS\Sun\Java\bin;C:\WINDOWS\system32;C:\WINDOWS;C:/Program Files/Java/jre1.8.0_181/bin/server;C:/Program Files/Java/jre1.8.0_181/bin;C:/Program Files/Java/jre1.8.0_181/lib/amd64;C:\Program Files\Docker\Docker\Resources\bin;C:\Program Files (x86)\Common Files\Oracle\Java\javapath;C:\ProgramData\Oracle\Java\javapath;C:\Program Files\Python37\Scripts\;C:\Program Files\Python37\;D:\Program Files\apache-maven-3.5.3\bin;C:\WINDOWS\system32;C:\WINDOWS;C:\WINDOWS\System32\Wbem;C:\WINDOWS\System32\WindowsPowerShell\v1.0\;C:\Program Files\Java\jdk1.8.0_171\bin;D:\Program Files\cmder_mini\bin;C:\Program Files\Intel\WiFi\bin\;C:\Program Files\Common Files\Intel\WirelessCommon\;C:\WINDOWS\System32\OpenSSH\;C:\Program Files\nodejs\;C:\Program Files\Git\cmd;D:\Program Files\MongoDB\Server\3.6\bin;D:\Program Files\apache-cxf-3.2.5\bin;C:\Program Files\TortoiseSVN\bin;C:\Users\Administrator\AppData\Local\Microsoft\WindowsApps;C:\Program Files\Intel\WiFi\bin\;C:\Program Files\Common Files\Intel\WirelessCommon\;C:\Users\Administrator\AppData\Roaming\npm;C:\Users\Administrator\AppData\Local\GitHubDesktop\bin;D:\Program Files\MongoDB\Server\3.6\bin;D:\Program Files\sts-bundle\sts-3.9.5.RELEASE;;.]
2018-08-22 10:03:59.028  INFO 988 --- [localhost-startStop-1] o.a.c.c.C.[.[localhost].[/chapter-2]     : Initializing Spring embedded WebApplicationContext
2018-08-22 10:03:59.029  INFO 988 --- [localhost-startStop-1] o.s.web.context.ContextLoader            : Root WebApplicationContext: initialization completed in 5358 ms
2018-08-22 10:03:59.227  INFO 988 --- [localhost-startStop-1] o.s.b.w.servlet.ServletRegistrationBean  : Servlet dispatcherServlet mapped to [/]
2018-08-22 10:03:59.233  INFO 988 --- [localhost-startStop-1] o.s.b.w.servlet.FilterRegistrationBean   : Mapping filter: 'characterEncodingFilter' to: [/*]
2018-08-22 10:03:59.234  INFO 988 --- [localhost-startStop-1] o.s.b.w.servlet.FilterRegistrationBean   : Mapping filter: 'hiddenHttpMethodFilter' to: [/*]
2018-08-22 10:03:59.235  INFO 988 --- [localhost-startStop-1] o.s.b.w.servlet.FilterRegistrationBean   : Mapping filter: 'httpPutFormContentFilter' to: [/*]
2018-08-22 10:03:59.236  INFO 988 --- [localhost-startStop-1] o.s.b.w.servlet.FilterRegistrationBean   : Mapping filter: 'requestContextFilter' to: [/*]
2018-08-22 10:03:59.533  INFO 988 --- [main] o.s.w.s.handler.SimpleUrlHandlerMapping  : Mapped URL path [/**/favicon.ico] onto handler of type [class org.springframework.web.servlet.resource.ResourceHttpRequestHandler]
2018-08-22 10:03:59.997  INFO 988 --- [main] s.w.s.m.m.a.RequestMappingHandlerAdapter : Looking for @ControllerAdvice: org.springframework.boot.web.servlet.context.AnnotationConfigServletWebServerApplicationContext@2ac1fdc4: startup date [Wed Aug 22 10:03:53 CST 2018]; root of context hierarchy
2018-08-22 10:04:00.247  INFO 988 --- [main] s.w.s.m.m.a.RequestMappingHandlerMapping : Mapped "{[/demo],methods=[GET],produces=[text/plain;charset=UTF-8]}" onto public java.lang.String com.itwins.springboot.chapter2.controller.DemoController.demo()
2018-08-22 10:04:00.259  INFO 988 --- [main] s.w.s.m.m.a.RequestMappingHandlerMapping : Mapped "{[/error]}" onto public org.springframework.http.ResponseEntity<java.util.Map<java.lang.String, java.lang.Object>> org.springframework.boot.autoconfigure.web.servlet.error.BasicErrorController.error(javax.servlet.http.HttpServletRequest)
2018-08-22 10:04:00.265  INFO 988 --- [main] s.w.s.m.m.a.RequestMappingHandlerMapping : Mapped "{[/error],produces=[text/html]}" onto public org.springframework.web.servlet.ModelAndView org.springframework.boot.autoconfigure.web.servlet.error.BasicErrorController.errorHtml(javax.servlet.http.HttpServletRequest,javax.servlet.http.HttpServletResponse)
2018-08-22 10:04:00.333  INFO 988 --- [main] o.s.w.s.handler.SimpleUrlHandlerMapping  : Mapped URL path [/webjars/**] onto handler of type [class org.springframework.web.servlet.resource.ResourceHttpRequestHandler]
2018-08-22 10:04:00.335  INFO 988 --- [main] o.s.w.s.handler.SimpleUrlHandlerMapping  : Mapped URL path [/**] onto handler of type [class org.springframework.web.servlet.resource.ResourceHttpRequestHandler]
2018-08-22 10:04:00.737  INFO 988 --- [main] o.s.j.e.a.AnnotationMBeanExporter        : Registering beans for JMX exposure on startup
2018-08-22 10:04:00.883  INFO 988 --- [main] o.s.b.w.embedded.tomcat.TomcatWebServer  : Tomcat started on port(s): 8888 (http) with context path '/chapter-2'
2018-08-22 10:04:00.893  INFO 988 --- [main] c.i.s.chapter2.Chapter2Application       : Started Chapter2Application in 8.781 seconds (JVM running for 9.929)
2018-08-22 10:04:17.455  INFO 988 --- [http-nio-8888-exec-2] o.a.c.c.C.[.[localhost].[/chapter-2]     : Initializing Spring FrameworkServlet 'dispatcherServlet'
2018-08-22 10:04:17.456  INFO 988 --- [http-nio-8888-exec-2] o.s.web.servlet.DispatcherServlet        : FrameworkServlet 'dispatcherServlet': initialization started
2018-08-22 10:04:17.502  INFO 988 --- [http-nio-8888-exec-2] o.s.web.servlet.DispatcherServlet        : FrameworkServlet 'dispatcherServlet': initialization completed in 45 ms
2018-08-22 10:04:25.529  INFO 988 --- [Thread-3] ConfigServletWebServerApplicationContext : Closing org.springframework.boot.web.servlet.context.AnnotationConfigServletWebServerApplicationContext@2ac1fdc4: startup date [Wed Aug 22 10:03:53 CST 2018]; root of context hierarchy
2018-08-22 10:04:25.532  INFO 988 --- [Thread-3] o.s.j.e.a.AnnotationMBeanExporter        : Unregistering JMX-exposed beans on shutdown
2018-08-22 10:04:34.773  INFO 8704 --- [main] c.i.s.chapter2.Chapter2Application       : Starting Chapter2Application v0.0.1-SNAPSHOT on X3AV9Z6G1L467A5 with PID 8704 (D:\workspace-sts-3.9.3.RELEASE\chapter-2\target\chapter-2-0.0.1-SNAPSHOT.jar started by Administrator in D:\workspace-sts-3.9.3.RELEASE\chapter-2\target)
2018-08-22 10:04:34.783  INFO 8704 --- [main] c.i.s.chapter2.Chapter2Application       : The following profiles are active: test
2018-08-22 10:04:35.028  INFO 8704 --- [main] ConfigServletWebServerApplicationContext : Refreshing org.springframework.boot.web.servlet.context.AnnotationConfigServletWebServerApplicationContext@3ecf72fd: startup date [Wed Aug 22 10:04:35 CST 2018]; root of context hierarchy
2018-08-22 10:04:39.173  INFO 8704 --- [main] o.s.b.w.embedded.tomcat.TomcatWebServer  : Tomcat initialized with port(s): 8877 (http)
2018-08-22 10:04:39.225  INFO 8704 --- [main] o.apache.catalina.core.StandardService   : Starting service [Tomcat]
2018-08-22 10:04:39.227  INFO 8704 --- [main] org.apache.catalina.core.StandardEngine  : Starting Servlet Engine: Apache Tomcat/8.5.32
2018-08-22 10:04:39.245  INFO 8704 --- [localhost-startStop-1] o.a.catalina.core.AprLifecycleListener   : The APR based Apache Tomcat Native library which allows optimal performance in production environments was not found on the java.library.path: [C:\Program Files\Java\jre1.8.0_181\bin;C:\WINDOWS\Sun\Java\bin;C:\WINDOWS\system32;C:\WINDOWS;C:/Program Files/Java/jre1.8.0_181/bin/server;C:/Program Files/Java/jre1.8.0_181/bin;C:/Program Files/Java/jre1.8.0_181/lib/amd64;C:\Program Files\Docker\Docker\Resources\bin;C:\Program Files (x86)\Common Files\Oracle\Java\javapath;C:\ProgramData\Oracle\Java\javapath;C:\Program Files\Python37\Scripts\;C:\Program Files\Python37\;D:\Program Files\apache-maven-3.5.3\bin;C:\WINDOWS\system32;C:\WINDOWS;C:\WINDOWS\System32\Wbem;C:\WINDOWS\System32\WindowsPowerShell\v1.0\;C:\Program Files\Java\jdk1.8.0_171\bin;D:\Program Files\cmder_mini\bin;C:\Program Files\Intel\WiFi\bin\;C:\Program Files\Common Files\Intel\WirelessCommon\;C:\WINDOWS\System32\OpenSSH\;C:\Program Files\nodejs\;C:\Program Files\Git\cmd;D:\Program Files\MongoDB\Server\3.6\bin;D:\Program Files\apache-cxf-3.2.5\bin;C:\Program Files\TortoiseSVN\bin;C:\Users\Administrator\AppData\Local\Microsoft\WindowsApps;C:\Program Files\Intel\WiFi\bin\;C:\Program Files\Common Files\Intel\WirelessCommon\;C:\Users\Administrator\AppData\Roaming\npm;C:\Users\Administrator\AppData\Local\GitHubDesktop\bin;D:\Program Files\MongoDB\Server\3.6\bin;D:\Program Files\sts-bundle\sts-3.9.5.RELEASE;;.]
2018-08-22 10:04:39.505  INFO 8704 --- [localhost-startStop-1] o.a.c.c.C.[.[localhost].[/chapter-2]     : Initializing Spring embedded WebApplicationContext
2018-08-22 10:04:39.510  INFO 8704 --- [localhost-startStop-1] o.s.web.context.ContextLoader            : Root WebApplicationContext: initialization completed in 4482 ms
2018-08-22 10:04:39.734  INFO 8704 --- [localhost-startStop-1] o.s.b.w.servlet.ServletRegistrationBean  : Servlet dispatcherServlet mapped to [/]
2018-08-22 10:04:39.748  INFO 8704 --- [localhost-startStop-1] o.s.b.w.servlet.FilterRegistrationBean   : Mapping filter: 'characterEncodingFilter' to: [/*]
2018-08-22 10:04:39.749  INFO 8704 --- [localhost-startStop-1] o.s.b.w.servlet.FilterRegistrationBean   : Mapping filter: 'hiddenHttpMethodFilter' to: [/*]
2018-08-22 10:04:39.750  INFO 8704 --- [localhost-startStop-1] o.s.b.w.servlet.FilterRegistrationBean   : Mapping filter: 'httpPutFormContentFilter' to: [/*]
2018-08-22 10:04:39.751  INFO 8704 --- [localhost-startStop-1] o.s.b.w.servlet.FilterRegistrationBean   : Mapping filter: 'requestContextFilter' to: [/*]
2018-08-22 10:04:40.030  INFO 8704 --- [main] o.s.w.s.handler.SimpleUrlHandlerMapping  : Mapped URL path [/**/favicon.ico] onto handler of type [class org.springframework.web.servlet.resource.ResourceHttpRequestHandler]
2018-08-22 10:04:40.580  INFO 8704 --- [main] s.w.s.m.m.a.RequestMappingHandlerAdapter : Looking for @ControllerAdvice: org.springframework.boot.web.servlet.context.AnnotationConfigServletWebServerApplicationContext@3ecf72fd: startup date [Wed Aug 22 10:04:35 CST 2018]; root of context hierarchy
2018-08-22 10:04:40.917  INFO 8704 --- [main] s.w.s.m.m.a.RequestMappingHandlerMapping : Mapped "{[/demo],methods=[GET],produces=[text/plain;charset=UTF-8]}" onto public java.lang.String com.itwins.springboot.chapter2.controller.DemoController.demo()
2018-08-22 10:04:40.938  INFO 8704 --- [main] s.w.s.m.m.a.RequestMappingHandlerMapping : Mapped "{[/error]}" onto public org.springframework.http.ResponseEntity<java.util.Map<java.lang.String, java.lang.Object>> org.springframework.boot.autoconfigure.web.servlet.error.BasicErrorController.error(javax.servlet.http.HttpServletRequest)
2018-08-22 10:04:40.943  INFO 8704 --- [main] s.w.s.m.m.a.RequestMappingHandlerMapping : Mapped "{[/error],produces=[text/html]}" onto public org.springframework.web.servlet.ModelAndView org.springframework.boot.autoconfigure.web.servlet.error.BasicErrorController.errorHtml(javax.servlet.http.HttpServletRequest,javax.servlet.http.HttpServletResponse)
2018-08-22 10:04:41.113  INFO 8704 --- [main] o.s.w.s.handler.SimpleUrlHandlerMapping  : Mapped URL path [/webjars/**] onto handler of type [class org.springframework.web.servlet.resource.ResourceHttpRequestHandler]
2018-08-22 10:04:41.122  INFO 8704 --- [main] o.s.w.s.handler.SimpleUrlHandlerMapping  : Mapped URL path [/**] onto handler of type [class org.springframework.web.servlet.resource.ResourceHttpRequestHandler]
2018-08-22 10:04:41.551  INFO 8704 --- [main] o.s.j.e.a.AnnotationMBeanExporter        : Registering beans for JMX exposure on startup
2018-08-22 10:04:41.705  INFO 8704 --- [main] o.s.b.w.embedded.tomcat.TomcatWebServer  : Tomcat started on port(s): 8877 (http) with context path '/chapter-2'
2018-08-22 10:04:41.718  INFO 8704 --- [main] c.i.s.chapter2.Chapter2Application       : Started Chapter2Application in 8.244 seconds (JVM running for 9.461)
2018-08-22 10:05:07.054  INFO 8704 --- [http-nio-8877-exec-1] o.a.c.c.C.[.[localhost].[/chapter-2]     : Initializing Spring FrameworkServlet 'dispatcherServlet'
2018-08-22 10:05:07.056  INFO 8704 --- [http-nio-8877-exec-1] o.s.web.servlet.DispatcherServlet        : FrameworkServlet 'dispatcherServlet': initialization started
2018-08-22 10:05:07.126  INFO 8704 --- [http-nio-8877-exec-1] o.s.web.servlet.DispatcherServlet        : FrameworkServlet 'dispatcherServlet': initialization completed in 67 ms
2018-08-22 10:05:14.322  INFO 8704 --- [Thread-3] ConfigServletWebServerApplicationContext : Closing org.springframework.boot.web.servlet.context.AnnotationConfigServletWebServerApplicationContext@3ecf72fd: startup date [Wed Aug 22 10:04:35 CST 2018]; root of context hierarchy
2018-08-22 10:05:14.325  INFO 8704 --- [Thread-3] o.s.j.e.a.AnnotationMBeanExporter        : Unregistering JMX-exposed beans on shutdown
2018-08-22 10:05:24.888  INFO 2552 --- [main] c.i.s.chapter2.Chapter2Application       : Starting Chapter2Application v0.0.1-SNAPSHOT on X3AV9Z6G1L467A5 with PID 2552 (D:\workspace-sts-3.9.3.RELEASE\chapter-2\target\chapter-2-0.0.1-SNAPSHOT.jar started by Administrator in D:\workspace-sts-3.9.3.RELEASE\chapter-2\target)
2018-08-22 10:05:24.907  INFO 2552 --- [main] c.i.s.chapter2.Chapter2Application       : The following profiles are active: product
2018-08-22 10:05:25.192  INFO 2552 --- [main] ConfigServletWebServerApplicationContext : Refreshing org.springframework.boot.web.servlet.context.AnnotationConfigServletWebServerApplicationContext@2cfb4a64: startup date [Wed Aug 22 10:05:25 CST 2018]; root of context hierarchy
2018-08-22 10:05:30.871  INFO 2552 --- [main] o.s.b.w.embedded.tomcat.TomcatWebServer  : Tomcat initialized with port(s): 8866 (http)
2018-08-22 10:05:31.127  INFO 2552 --- [main] o.apache.catalina.core.StandardService   : Starting service [Tomcat]
2018-08-22 10:05:31.129  INFO 2552 --- [main] org.apache.catalina.core.StandardEngine  : Starting Servlet Engine: Apache Tomcat/8.5.32
2018-08-22 10:05:31.257  INFO 2552 --- [localhost-startStop-1] o.a.catalina.core.AprLifecycleListener   : The APR based Apache Tomcat Native library which allows optimal performance in production environments was not found on the java.library.path: [C:\Program Files\Java\jre1.8.0_181\bin;C:\WINDOWS\Sun\Java\bin;C:\WINDOWS\system32;C:\WINDOWS;C:/Program Files/Java/jre1.8.0_181/bin/server;C:/Program Files/Java/jre1.8.0_181/bin;C:/Program Files/Java/jre1.8.0_181/lib/amd64;C:\Program Files\Docker\Docker\Resources\bin;C:\Program Files (x86)\Common Files\Oracle\Java\javapath;C:\ProgramData\Oracle\Java\javapath;C:\Program Files\Python37\Scripts\;C:\Program Files\Python37\;D:\Program Files\apache-maven-3.5.3\bin;C:\WINDOWS\system32;C:\WINDOWS;C:\WINDOWS\System32\Wbem;C:\WINDOWS\System32\WindowsPowerShell\v1.0\;C:\Program Files\Java\jdk1.8.0_171\bin;D:\Program Files\cmder_mini\bin;C:\Program Files\Intel\WiFi\bin\;C:\Program Files\Common Files\Intel\WirelessCommon\;C:\WINDOWS\System32\OpenSSH\;C:\Program Files\nodejs\;C:\Program Files\Git\cmd;D:\Program Files\MongoDB\Server\3.6\bin;D:\Program Files\apache-cxf-3.2.5\bin;C:\Program Files\TortoiseSVN\bin;C:\Users\Administrator\AppData\Local\Microsoft\WindowsApps;C:\Program Files\Intel\WiFi\bin\;C:\Program Files\Common Files\Intel\WirelessCommon\;C:\Users\Administrator\AppData\Roaming\npm;C:\Users\Administrator\AppData\Local\GitHubDesktop\bin;D:\Program Files\MongoDB\Server\3.6\bin;D:\Program Files\sts-bundle\sts-3.9.5.RELEASE;;.]
2018-08-22 10:05:31.644  INFO 2552 --- [localhost-startStop-1] o.a.c.c.C.[.[localhost].[/chapter-2]     : Initializing Spring embedded WebApplicationContext
2018-08-22 10:05:31.704  INFO 2552 --- [localhost-startStop-1] o.s.web.context.ContextLoader            : Root WebApplicationContext: initialization completed in 6513 ms
2018-08-22 10:05:31.996  INFO 2552 --- [localhost-startStop-1] o.s.b.w.servlet.ServletRegistrationBean  : Servlet dispatcherServlet mapped to [/]
2018-08-22 10:05:32.005  INFO 2552 --- [localhost-startStop-1] o.s.b.w.servlet.FilterRegistrationBean   : Mapping filter: 'characterEncodingFilter' to: [/*]
2018-08-22 10:05:32.010  INFO 2552 --- [localhost-startStop-1] o.s.b.w.servlet.FilterRegistrationBean   : Mapping filter: 'hiddenHttpMethodFilter' to: [/*]
2018-08-22 10:05:32.011  INFO 2552 --- [localhost-startStop-1] o.s.b.w.servlet.FilterRegistrationBean   : Mapping filter: 'httpPutFormContentFilter' to: [/*]
2018-08-22 10:05:32.012  INFO 2552 --- [localhost-startStop-1] o.s.b.w.servlet.FilterRegistrationBean   : Mapping filter: 'requestContextFilter' to: [/*]
2018-08-22 10:05:32.314  INFO 2552 --- [main] o.s.w.s.handler.SimpleUrlHandlerMapping  : Mapped URL path [/**/favicon.ico] onto handler of type [class org.springframework.web.servlet.resource.ResourceHttpRequestHandler]
2018-08-22 10:05:32.844  INFO 2552 --- [main] s.w.s.m.m.a.RequestMappingHandlerAdapter : Looking for @ControllerAdvice: org.springframework.boot.web.servlet.context.AnnotationConfigServletWebServerApplicationContext@2cfb4a64: startup date [Wed Aug 22 10:05:25 CST 2018]; root of context hierarchy
2018-08-22 10:05:33.227  INFO 2552 --- [main] s.w.s.m.m.a.RequestMappingHandlerMapping : Mapped "{[/demo],methods=[GET],produces=[text/plain;charset=UTF-8]}" onto public java.lang.String com.itwins.springboot.chapter2.controller.DemoController.demo()
2018-08-22 10:05:33.266  INFO 2552 --- [main] s.w.s.m.m.a.RequestMappingHandlerMapping : Mapped "{[/error]}" onto public org.springframework.http.ResponseEntity<java.util.Map<java.lang.String, java.lang.Object>> org.springframework.boot.autoconfigure.web.servlet.error.BasicErrorController.error(javax.servlet.http.HttpServletRequest)
2018-08-22 10:05:33.268  INFO 2552 --- [main] s.w.s.m.m.a.RequestMappingHandlerMapping : Mapped "{[/error],produces=[text/html]}" onto public org.springframework.web.servlet.ModelAndView org.springframework.boot.autoconfigure.web.servlet.error.BasicErrorController.errorHtml(javax.servlet.http.HttpServletRequest,javax.servlet.http.HttpServletResponse)
2018-08-22 10:05:33.348  INFO 2552 --- [main] o.s.w.s.handler.SimpleUrlHandlerMapping  : Mapped URL path [/webjars/**] onto handler of type [class org.springframework.web.servlet.resource.ResourceHttpRequestHandler]
2018-08-22 10:05:33.357  INFO 2552 --- [main] o.s.w.s.handler.SimpleUrlHandlerMapping  : Mapped URL path [/**] onto handler of type [class org.springframework.web.servlet.resource.ResourceHttpRequestHandler]
2018-08-22 10:05:34.176  INFO 2552 --- [main] o.s.j.e.a.AnnotationMBeanExporter        : Registering beans for JMX exposure on startup
2018-08-22 10:05:34.437  INFO 2552 --- [main] o.s.b.w.embedded.tomcat.TomcatWebServer  : Tomcat started on port(s): 8866 (http) with context path '/chapter-2'
2018-08-22 10:05:34.454  INFO 2552 --- [main] c.i.s.chapter2.Chapter2Application       : Started Chapter2Application in 11.224 seconds (JVM running for 12.405)
2018-08-22 10:05:43.367  INFO 2552 --- [http-nio-8866-exec-10] o.a.c.c.C.[.[localhost].[/chapter-2]     : Initializing Spring FrameworkServlet 'dispatcherServlet'
2018-08-22 10:05:43.368  INFO 2552 --- [http-nio-8866-exec-10] o.s.web.servlet.DispatcherServlet        : FrameworkServlet 'dispatcherServlet': initialization started
2018-08-22 10:05:43.442  INFO 2552 --- [http-nio-8866-exec-10] o.s.web.servlet.DispatcherServlet        : FrameworkServlet 'dispatcherServlet': initialization completed in 73 ms
2018-08-22 10:05:52.225  INFO 2552 --- [Thread-3] ConfigServletWebServerApplicationContext : Closing org.springframework.boot.web.servlet.context.AnnotationConfigServletWebServerApplicationContext@2cfb4a64: startup date [Wed Aug 22 10:05:25 CST 2018]; root of context hierarchy
2018-08-22 10:05:52.230  INFO 2552 --- [Thread-3] o.s.j.e.a.AnnotationMBeanExporter        : Unregistering JMX-exposed beans on shutdown
